<?xml version="1.0" encoding="UTF-8"?>
<!-- Generated by org.testng.reporters.JUnitReportReporter -->
<testsuite hostname="DESKTOP-5G1UN2J" failures="0" tests="1" name="BearerToken" time="2.689" errors="0" timestamp="2023-06-05T17:40:02 IST" skipped="0">
  <testcase classname="BearerToken" name="CheckMobilenumber" time="2.689"/>
</testsuite> <!-- BearerToken -->
