<?xml version="1.0" encoding="UTF-8"?>
<!-- Generated by org.testng.reporters.JUnitReportReporter -->
<testsuite hostname="DESKTOP-5G1UN2J" failures="0" tests="1" name="ContractorIdentification" time="1.320" errors="0" timestamp="2025-01-24T17:35:37 IST" skipped="0">
  <testcase classname="ContractorIdentification" name="CheckMobilenumber" time="1.320"/>
</testsuite> <!-- ContractorIdentification -->
