<?xml version="1.0" encoding="UTF-8"?>
<!-- Generated by org.testng.reporters.JUnitReportReporter -->
<testsuite hostname="DESKTOP-5G1UN2J" failures="0" tests="1" name="TC001_GETAPI" time="2.013" errors="0" timestamp="2023-06-05T12:58:07 IST" skipped="0">
  <testcase classname="TC001_GETAPI" name="getcontractordetails" time="2.013"/>
</testsuite> <!-- TC001_GETAPI -->
