<?xml version="1.0" encoding="UTF-8"?>
<!-- Generated by org.testng.reporters.JUnitReportReporter -->
<testsuite hostname="DESKTOP-5G1UN2J" failures="0" tests="1" name="UserAuthentication" time="2.653" errors="0" timestamp="2025-01-24T17:39:48 IST" skipped="0">
  <testcase classname="UserAuthentication" name="Authentication" time="2.653"/>
</testsuite> <!-- UserAuthentication -->
